undefined info: =================================
undefined info: ======= ENV: development =======
undefined info: 🚀 App listening on the port 8080
undefined warn: =================================
undefined info: ======= ENV: development =======
undefined info: 🚀 App listening on the port 8080
undefined info: =================================
undefined info: ======= ENV: development =======
undefined info: 🚀 App listening on the port 8080
undefined info: =================================
undefined info: =================================
undefined info: ======= ENV: development =======
undefined info: 🚀 App listening on the port 8080
undefined info: =================================
undefined info: =================================
undefined info: ======= ENV: development =======
undefined info: 🚀 App listening on the port 8080
undefined info: =================================
undefined info: =================================
undefined info: ======= ENV: development =======
undefined info: 🚀 App listening on the port 8080
undefined info: =================================
undefined info: =================================
undefined info: ======= ENV: development =======
undefined info: 🚀 App listening on the port 8080
undefined info: =================================
undefined info: =================================
undefined info: ======= ENV: development =======
undefined error: 🚀 App listening on the port 8080
undefined info: =================================
undefined info: =================================
undefined info: ======= ENV: development =======
undefined info: 🚀 App listening on the port 8080
undefined info: =================================
2022-11-07 15:41:51 info: =================================
2022-11-07 15:41:51 info: ======= ENV: development =======
2022-11-07 15:41:51 info: 🚀 App listening on the port 8080
2022-11-07 15:41:51 info: =================================
2022-11-07 15:42:11 info: =================================
2022-11-07 15:42:11 info: ======= ENV: development =======
2022-11-07 15:42:11 info: 🚀 App listening on the port 8080
2022-11-07 15:42:11 info: =================================
2022-11-07 15:43:31 info: =================================
2022-11-07 15:43:31 info: ======= ENV: development =======
2022-11-07 15:43:31 info: 🚀 App listening on the port 8080
2022-11-07 15:43:31 info: =================================
2022-11-07 15:49:32 info: =================================
2022-11-07 15:49:32 info: ======= ENV: development =======
2022-11-07 15:49:32 info: 🚀 App listening on the port 8080
2022-11-07 15:49:32 info: =================================
2022-11-07 15:53:01 info: =================================
2022-11-07 15:53:01 info: ======= ENV: development =======
2022-11-07 15:53:01 info: 🚀 App listening on the port 8080
2022-11-07 15:53:01 info: =================================
2022-11-07 15:57:36 info: =================================
2022-11-07 15:57:36 info: ======= ENV: development =======
2022-11-07 15:57:36 info: 🚀 App listening on the port 8080
2022-11-07 15:57:36 info: =================================
2022-11-07 15:57:43 info: =================================
2022-11-07 15:57:43 info: ======= ENV: development =======
2022-11-07 15:57:43 info: 🚀 App listening on the port 8080
2022-11-07 15:57:43 info: =================================
2022-11-07 16:08:13 info: =================================
2022-11-07 16:08:13 info: ======= ENV: development =======
2022-11-07 16:08:13 info: 🚀 App listening on the port 8080
2022-11-07 16:08:13 info: =================================
2022-11-07 16:08:57 info: =================================
2022-11-07 16:08:57 info: ======= ENV: development =======
2022-11-07 16:08:57 info: 🚀 App listening on the port 8080
2022-11-07 16:08:57 info: =================================
2022-11-07 16:09:10 info: =================================
2022-11-07 16:09:10 info: ======= ENV: development =======
2022-11-07 16:09:10 info: 🚀 App listening on the port 8080
2022-11-07 16:09:10 info: =================================
2022-11-07 16:09:50 info: =================================
2022-11-07 16:09:50 info: ======= ENV: development =======
2022-11-07 16:09:50 info: 🚀 App listening on the port 8080
2022-11-07 16:09:50 info: =================================
2022-11-07 16:10:05 info: =================================
2022-11-07 16:10:05 info: ======= ENV: development =======
2022-11-07 16:10:05 info: 🚀 App listening on the port 8080
2022-11-07 16:10:05 info: =================================
2022-11-07 16:19:24 info: =================================
2022-11-07 16:19:24 info: ======= ENV: development =======
2022-11-07 16:19:24 info: 🚀 App listening on the port 8080
2022-11-07 16:19:24 info: =================================
2022-11-07 16:19:58 info: =================================
2022-11-07 16:19:58 info: ======= ENV: development =======
2022-11-07 16:19:58 info: 🚀 App listening on the port 8080
2022-11-07 16:19:58 info: =================================
2022-11-07 16:20:43 info: =================================
2022-11-07 16:20:43 info: ======= ENV: development =======
2022-11-07 16:20:43 info: 🚀 App listening on the port 8080
2022-11-07 16:20:43 info: =================================
2022-11-07 16:29:02 info: =================================
2022-11-07 16:29:02 info: ======= ENV: development =======
2022-11-07 16:29:02 info: 🚀 App listening on the port 8080
2022-11-07 16:29:02 info: =================================
2022-11-07 16:30:21 info: =================================
2022-11-07 16:30:21 info: ======= ENV: development =======
2022-11-07 16:30:21 info: 🚀 App listening on the port 8080
2022-11-07 16:30:21 info: =================================
2022-11-07 16:33:46 info: =================================
2022-11-07 16:33:46 info: ======= ENV: development =======
2022-11-07 16:33:47 info: 🚀 App listening on the port 8080
2022-11-07 16:33:47 info: =================================
2022-11-07 16:35:00 info: =================================
2022-11-07 16:35:00 info: ======= ENV: development =======
2022-11-07 16:35:00 info: 🚀 App listening on the port 8080
2022-11-07 16:35:00 info: =================================
2022-11-07 16:35:45 info: =================================
2022-11-07 16:35:45 info: ======= ENV: development =======
2022-11-07 16:35:45 info: 🚀 App listening on the port 8080
2022-11-07 16:35:45 info: =================================
2022-11-07 16:36:33 info: =================================
2022-11-07 16:36:33 info: ======= ENV: development =======
2022-11-07 16:36:33 info: 🚀 App listening on the port 8080
2022-11-07 16:36:33 info: =================================
2022-11-07 16:36:47 info: =================================
2022-11-07 16:36:47 info: ======= ENV: development =======
2022-11-07 16:36:47 info: 🚀 App listening on the port 8080
2022-11-07 16:36:47 info: =================================
2022-11-07 16:38:55 info: =================================
2022-11-07 16:38:55 info: ======= ENV: development =======
2022-11-07 16:38:55 info: 🚀 App listening on the port 8080
2022-11-07 16:38:55 info: =================================
2022-11-07 16:40:20 info: =================================
2022-11-07 16:40:20 info: ======= ENV: development =======
2022-11-07 16:40:20 info: 🚀 App listening on the port 8080
2022-11-07 16:40:20 info: =================================
2022-11-07 16:41:50 info: =================================
2022-11-07 16:41:50 info: ======= ENV: development =======
2022-11-07 16:41:50 info: 🚀 App listening on the port 8080
2022-11-07 16:41:50 info: =================================
2022-11-07 16:43:33 info: =================================
2022-11-07 16:43:33 info: ======= ENV: development =======
2022-11-07 16:43:33 info: 🚀 App listening on the port 8080
2022-11-07 16:43:33 info: =================================
2022-11-07 16:52:53 info: =================================
2022-11-07 16:52:53 info: ======= ENV: development =======
2022-11-07 16:52:53 info: 🚀 App listening on the port 8080
2022-11-07 16:52:53 info: =================================
2022-11-07 16:55:17 info: =================================
2022-11-07 16:55:17 info: ======= ENV: development =======
2022-11-07 16:55:17 info: 🚀 App listening on the port 8080
2022-11-07 16:55:17 info: =================================
2022-11-07 16:55:21 info: =================================
2022-11-07 16:55:21 info: ======= ENV: development =======
2022-11-07 16:55:21 info: 🚀 App listening on the port 8080
2022-11-07 16:55:21 info: =================================
2022-11-07 16:55:29 info: =================================
2022-11-07 16:55:29 info: ======= ENV: development =======
2022-11-07 16:55:29 info: 🚀 App listening on the port 8080
2022-11-07 16:55:29 info: =================================
2022-11-07 16:56:46 info: =================================
2022-11-07 16:56:46 info: ======= ENV: development =======
2022-11-07 16:56:46 info: 🚀 App listening on the port 8080
2022-11-07 16:56:46 info: =================================
2022-11-07 17:01:30 info: =================================
2022-11-07 17:01:30 info: ======= ENV: development =======
2022-11-07 17:01:30 info: 🚀 App listening on the port 8080
2022-11-07 17:01:30 info: =================================
2022-11-07 17:02:12 info: =================================
2022-11-07 17:02:12 info: ======= ENV: development =======
2022-11-07 17:02:12 info: 🚀 App listening on the port 8080
2022-11-07 17:02:12 info: =================================
2022-11-07 17:03:56 info: =================================
2022-11-07 17:03:56 info: ======= ENV: development =======
2022-11-07 17:03:56 info: 🚀 App listening on the port 8080
2022-11-07 17:03:56 info: =================================
2022-11-07 17:04:51 info: =================================
2022-11-07 17:04:51 info: ======= ENV: development =======
2022-11-07 17:04:51 info: 🚀 App listening on the port 8080
2022-11-07 17:04:51 info: =================================
